02-12-2024 09:57 - INFO - Stempel-Eintrag für Schlüssel-ID 04309702426680 erstellt.
02-12-2024 10:04 - INFO - Stempel-Eintrag für Schlüssel-ID 04309702426680 erstellt.
02-12-2024 10:04 - INFO - Stempel-Eintrag für Schlüssel-ID 04309702426680 erstellt.
02-12-2024 10:06 - INFO - Stempel-Eintrag für Schlüssel-ID 04309702426680 erstellt.
02-12-2024 10:11 - INFO - [Backup] Verarbeite Backup-Daten...
02-12-2024 10:11 - INFO - [Backup] Ausgeführt: INSERT INTO stamp (sta_key_id, sta_ort, sta_stempel_zeit, sta_crt_usr) VALUES (%s, %s, %s, %s) mit Werten ['04309702426680', 'Pi_E30', '2024-12-02 10:11:19', 'test_pi']
02-12-2024 10:11 - INFO - [Backup] Backup-Verarbeitung abgeschlossen.
02-12-2024 11:37 - INFO - Stempel-Eintrag für Schlüssel-ID 04309702426680 erstellt.
02-12-2024 11:37 - INFO - Stempel-Eintrag für Schlüssel-ID 04309702426680 erstellt.
02-12-2024 11:47 - INFO - Stempel-Eintrag für Schlüssel-ID 04309702426680 erstellt.
02-12-2024 14:39 - INFO - [Backup] Verarbeite Backup-Daten...
02-12-2024 14:39 - INFO - [Backup] Backup-Verarbeitung abgeschlossen.
03-12-2024 07:54 - INFO - Stempel-Eintrag für Schlüssel-ID 04309702426680 erstellt.
03-12-2024 08:08 - INFO - Stempel-Eintrag für Schlüssel-ID 04309702426680 erstellt.
03-12-2024 08:08 - INFO - Stempel-Eintrag für Schlüssel-ID 04309702426680 erstellt.
03-12-2024 08:15 - INFO - Stempel-Eintrag für Schlüssel-ID 04309702426680 erstellt.
03-12-2024 08:15 - INFO - Stempel-Eintrag für Schlüssel-ID 04309702426680 erstellt.
03-12-2024 11:27 - INFO - Stempel-Eintrag für Schlüssel-ID 04309702426680 erstellt.
03-12-2024 12:31 - INFO - [Backup] Verarbeite Backup-Daten...
03-12-2024 12:31 - INFO - [Backup] Backup-Verarbeitung abgeschlossen.
04-12-2024 02:14 - INFO - [Backup] Verarbeite Backup-Daten...
04-12-2024 02:14 - INFO - [Backup] Backup-Verarbeitung abgeschlossen.
04-12-2024 07:55 - INFO - Stempel-Eintrag für Schlüssel-ID 04309702426680 erstellt.
04-12-2024 11:28 - INFO - Stempel-Eintrag für Schlüssel-ID 04309702426680 erstellt.
04-12-2024 11:28 - INFO - Stempel-Eintrag für Schlüssel-ID 04309702426680 erstellt.
04-12-2024 11:29 - INFO - Stempel-Eintrag für Schlüssel-ID 04309702426680 erstellt.
04-12-2024 11:29 - INFO - Stempel-Eintrag für Schlüssel-ID 04309702426680 erstellt.
04-12-2024 11:31 - INFO - Stempel-Eintrag für Schlüssel-ID 04309702426680 erstellt.
04-12-2024 11:32 - INFO - Stempel-Eintrag für Schlüssel-ID 04309702426680 erstellt.
04-12-2024 11:38 - INFO - Stempel-Eintrag für Schlüssel-ID 04309702426680 erstellt.
04-12-2024 11:38 - INFO - Stempel-Eintrag für Schlüssel-ID 04309702426680 erstellt.
04-12-2024 11:46 - INFO - Stempel-Eintrag für Schlüssel-ID 04309702426680 erstellt.
05-12-2024 07:57 - INFO - Stempel-Eintrag für Schlüssel-ID 04309702426680 erstellt.
05-12-2024 08:14 - INFO - Stempel-Eintrag für Schlüssel-ID 04309702426680 erstellt.
05-12-2024 08:15 - INFO - Stempel-Eintrag für Schlüssel-ID 04309702426680 erstellt.
05-12-2024 08:24 - INFO - Stempel-Eintrag für Schlüssel-ID 04309702426680 erstellt.
05-12-2024 08:24 - INFO - Stempel-Eintrag für Schlüssel-ID 04309702426680 erstellt.
05-12-2024 08:24 - INFO - Stempel-Eintrag für Schlüssel-ID 04309702426680 erstellt.
05-12-2024 08:24 - INFO - Stempel-Eintrag für Schlüssel-ID 04309702426680 erstellt.
05-12-2024 08:25 - INFO - Stempel-Eintrag für Schlüssel-ID 04309702426680 erstellt.
05-12-2024 08:28 - INFO - Stempel-Eintrag für Schlüssel-ID 04309702426680 erstellt.
05-12-2024 08:29 - INFO - Stempel-Eintrag für Schlüssel-ID 04309702426680 erstellt.
05-12-2024 08:41 - INFO - Stempel-Eintrag für Schlüssel-ID 04309702426680 erstellt.
05-12-2024 08:41 - INFO - Stempel-Eintrag für Schlüssel-ID 04309702426680 erstellt.
05-12-2024 08:41 - INFO - Stempel-Eintrag für Schlüssel-ID 04309702426680 erstellt.
05-12-2024 11:47 - INFO - Stempel-Eintrag für Schlüssel-ID 04309702426680 erstellt.
05-12-2024 17:04 - INFO - [Backup] Verarbeite Backup-Daten...
05-12-2024 17:04 - INFO - [Backup] Backup-Verarbeitung abgeschlossen.
06-12-2024 07:57 - INFO - Stempel-Eintrag für Schlüssel-ID 04309702426680 erstellt.
06-12-2024 07:57 - INFO - Stempel-Eintrag für Schlüssel-ID 04309702426680 erstellt.
06-12-2024 07:57 - INFO - Stempel-Eintrag für Schlüssel-ID 04309702426680 erstellt.
06-12-2024 08:02 - INFO - [Backup] Verarbeite Backup-Daten...
06-12-2024 08:02 - INFO - [Backup] Ausgeführt: INSERT INTO stamp (sta_key_id, sta_ort, sta_stempel_zeit, sta_crt_usr) VALUES (%s, %s, NOW(), %s) mit Werten ['04309702426680', 'device_name', 'test_pi']
06-12-2024 08:02 - INFO - [Backup] Backup-Verarbeitung abgeschlossen.
06-12-2024 08:10 - INFO - Stempel-Eintrag für Schlüssel-ID 04309702426680 erstellt.
06-12-2024 08:11 - INFO - Stempel-Eintrag für Schlüssel-ID 04309702426680 erstellt.
06-12-2024 08:11 - INFO - Stempel-Eintrag für Schlüssel-ID 04309702426680 erstellt.
06-12-2024 08:22 - INFO - Stempel-Eintrag für Schlüssel-ID 04309702426680 erstellt.
06-12-2024 08:22 - INFO - Stempel-Eintrag für Schlüssel-ID 04309702426680 erstellt.
06-12-2024 08:27 - INFO - [Backup] Verarbeite Backup-Daten...
06-12-2024 08:27 - INFO - [Backup] Ausgeführt: INSERT INTO stamp (sta_key_id, sta_ort, sta_stempel_zeit, sta_crt_usr) VALUES (%s, %s, NOW(), %s) mit Werten ['04309702426680', 'device_name', 'test_pi']
06-12-2024 08:27 - INFO - [Backup] Backup-Verarbeitung abgeschlossen.
06-12-2024 08:28 - INFO - Stempel-Eintrag für Schlüssel-ID 04309702426680 erstellt.
06-12-2024 10:21 - INFO - Stempel-Eintrag für Schlüssel-ID 04309702426680 erstellt.
06-12-2024 10:27 - INFO - Stempel-Eintrag für Schlüssel-ID 04309702426680 erstellt.
06-12-2024 10:30 - INFO - Stempel-Eintrag für Schlüssel-ID 04309702426680 erstellt.
06-12-2024 10:30 - INFO - Stempel-Eintrag für Schlüssel-ID 04309702426680 erstellt.
06-12-2024 10:31 - INFO - [Backup] Verarbeite Backup-Daten...
06-12-2024 10:31 - INFO - [Backup] Backup-Verarbeitung abgeschlossen.
06-12-2024 11:08 - INFO - Stempel-Eintrag für Schlüssel-ID 04309702426680 erstellt.
06-12-2024 11:09 - INFO - Stempel-Eintrag für Schlüssel-ID 04309702426680 erstellt.
06-12-2024 11:43 - INFO - [Backup] Verarbeite Backup-Daten...
06-12-2024 11:43 - INFO - [Backup] Backup-Verarbeitung abgeschlossen.
06-12-2024 11:45 - INFO - Stempel-Eintrag für Schlüssel-ID 04309702426680 erstellt.
06-12-2024 12:55 - INFO - Stempel-Eintrag für Schlüssel-ID 04309702426680 erstellt.
